<?xml version="1.0" encoding="UTF-8" ?>
<testsuite tests="5" failures="0" name="cn.edu.whu.ashman.NewsTest" time="2.297" errors="0" skipped="0">
  <properties>
[...]
</properties>
  <testcase classname="cn.edu.whu.ashman.NewsTest" name="saveForeignTest" time="1.718"/>
  <testcase classname="cn.edu.whu.ashman.NewsTest" name="getAllNews" time="0.094"/>
  <testcase classname="cn.edu.whu.ashman.NewsTest" name="saveNationTest" time="0.156"/>
  <testcase classname="cn.edu.whu.ashman.NewsTest" name="jsonResultTest" time="0.157"/>
  <testcase classname="cn.edu.whu.ashman.NewsTest" name="saveGlobalTest" time="0.172"/>
</testsuite>